<?xml version="1.0" encoding="UTF-8"?>
<testng-results skipped="0" failed="0" ignored="0" total="1" passed="1">
  <reporter-output>
  </reporter-output>
  <suite name="Default suite" duration-ms="6973" started-at="2021-02-06T20:59:31 IST" finished-at="2021-02-06T20:59:38 IST">
    <groups>
    </groups>
    <test name="Default test" duration-ms="6973" started-at="2021-02-06T20:59:31 IST" finished-at="2021-02-06T20:59:38 IST">
      <class name="interview.josh.TestClass2">
        <test-method status="PASS" signature="setup()[pri:0, instance:interview.josh.TestClass2@1060b431]" name="setup" is-config="true" duration-ms="3338" started-at="2021-02-06T20:59:31 IST" finished-at="2021-02-06T20:59:35 IST">
          <reporter-output>
          </reporter-output>
        </test-method> <!-- setup -->
        <test-method status="PASS" signature="test()[pri:0, instance:interview.josh.TestClass2@1060b431]" name="test" duration-ms="3339" started-at="2021-02-06T20:59:35 IST" finished-at="2021-02-06T20:59:38 IST">
          <reporter-output>
          </reporter-output>
        </test-method> <!-- test -->
        <test-method status="PASS" signature="tear()[pri:0, instance:interview.josh.TestClass2@1060b431]" name="tear" is-config="true" duration-ms="258" started-at="2021-02-06T20:59:38 IST" finished-at="2021-02-06T20:59:38 IST">
          <reporter-output>
          </reporter-output>
        </test-method> <!-- tear -->
      </class> <!-- interview.josh.TestClass2 -->
    </test> <!-- Default test -->
  </suite> <!-- Default suite -->
</testng-results>
